<?xml version="1.0" encoding="UTF-8"?>
<!-- Generated by org.testng.reporters.JUnitXMLReporter -->
<testsuite hostname="Kennys-iMac" ignored="18" name="Default test" tests="1" failures="0" timestamp="28 Jun 2019 19:55:07 GMT" time="2.996" errors="0">
  <testcase name="homePageVideo" time="0.043" classname="com.amplifylife.testcases.homePageTest"/>
  <testcase name="AppdemoTest" time="0.0" classname="com.amplifylife.testcases.homePageTest">
    <ignored/>
  </testcase> <!-- AppdemoTest -->
  <testcase name="testAndroidLink" time="0.0" classname="com.amplifylife.testcases.homePageTest">
    <ignored/>
  </testcase> <!-- testAndroidLink -->
  <testcase name="amplifyLogoTest" time="0.0" classname="com.amplifylife.testcases.homePageTest">
    <ignored/>
  </testcase> <!-- amplifyLogoTest -->
  <testcase name="coachingTest" time="0.0" classname="com.amplifylife.testcases.homePageTest">
    <ignored/>
  </testcase> <!-- coachingTest -->
  <testcase name="eventsDisplay" time="0.0" classname="com.amplifylife.testcases.homePageTest">
    <ignored/>
  </testcase> <!-- eventsDisplay -->
  <testcase name="insightsTest" time="0.0" classname="com.amplifylife.testcases.homePageTest">
    <ignored/>
  </testcase> <!-- insightsTest -->
  <testcase name="GetPageTitleTest" time="0.0" classname="com.amplifylife.testcases.homePageTest">
    <ignored/>
  </testcase> <!-- GetPageTitleTest -->
  <testcase name="eventsTextTest" time="0.0" classname="com.amplifylife.testcases.homePageTest">
    <ignored/>
  </testcase> <!-- eventsTextTest -->
  <testcase name="devicesTest" time="0.0" classname="com.amplifylife.testcases.homePageTest">
    <ignored/>
  </testcase> <!-- devicesTest -->
  <testcase name="devicesTextTest" time="0.0" classname="com.amplifylife.testcases.homePageTest">
    <ignored/>
  </testcase> <!-- devicesTextTest -->
  <testcase name="theteamLink" time="0.0" classname="com.amplifylife.testcases.homePageTest">
    <ignored/>
  </testcase> <!-- theteamLink -->
  <testcase name="insightsTextTest" time="0.0" classname="com.amplifylife.testcases.homePageTest">
    <ignored/>
  </testcase> <!-- insightsTextTest -->
  <testcase name="challengesTest" time="0.0" classname="com.amplifylife.testcases.homePageTest">
    <ignored/>
  </testcase> <!-- challengesTest -->
  <testcase name="testIosLink" time="0.0" classname="com.amplifylife.testcases.homePageTest">
    <ignored/>
  </testcase> <!-- testIosLink -->
  <testcase name="coachesTextTest" time="0.0" classname="com.amplifylife.testcases.homePageTest">
    <ignored/>
  </testcase> <!-- coachesTextTest -->
  <testcase name="challengesTextTest" time="0.0" classname="com.amplifylife.testcases.homePageTest">
    <ignored/>
  </testcase> <!-- challengesTextTest -->
  <testcase name="LifelineApp" time="0.0" classname="com.amplifylife.testcases.homePageTest">
    <ignored/>
  </testcase> <!-- LifelineApp -->
  <testcase name="LifelineText" time="0.0" classname="com.amplifylife.testcases.homePageTest">
    <ignored/>
  </testcase> <!-- LifelineText -->
</testsuite> <!-- Default test -->
