<?xml version="1.0" encoding="UTF-8"?>
<testng-results skipped="0" failed="0" ignored="18" total="19" passed="1">
  <reporter-output>
  </reporter-output>
  <suite name="Default suite" duration-ms="2996" started-at="2019-06-28T19:55:04Z" finished-at="2019-06-28T19:55:07Z">
    <groups>
    </groups>
    <test name="Default test" duration-ms="2996" started-at="2019-06-28T19:55:04Z" finished-at="2019-06-28T19:55:07Z">
      <class name="com.amplifylife.testcases.homePageTest">
        <test-method status="PASS" signature="Setup()[pri:0, instance:com.amplifylife.testcases.homePageTest@7b49cea0]" name="Setup" is-config="true" duration-ms="2863" started-at="2019-06-28T19:55:04Z" finished-at="2019-06-28T19:55:07Z">
          <reporter-output>
          </reporter-output>
        </test-method> <!-- Setup -->
        <test-method status="PASS" signature="homePageVideo()[pri:0, instance:com.amplifylife.testcases.homePageTest@7b49cea0]" name="homePageVideo" duration-ms="43" started-at="2019-06-28T19:55:07Z" finished-at="2019-06-28T19:55:07Z">
          <reporter-output>
          </reporter-output>
        </test-method> <!-- homePageVideo -->
        <test-method status="PASS" signature="teardown()[pri:0, instance:com.amplifylife.testcases.homePageTest@7b49cea0]" name="teardown" is-config="true" duration-ms="76" started-at="2019-06-28T19:55:07Z" finished-at="2019-06-28T19:55:07Z">
          <reporter-output>
          </reporter-output>
        </test-method> <!-- teardown -->
      </class> <!-- com.amplifylife.testcases.homePageTest -->
    </test> <!-- Default test -->
  </suite> <!-- Default suite -->
</testng-results>
